Determining if the pthread_create exist failed with the following output:
Change Dir: /home/xinhr/ORB_cloud/src/ORB-SLAM2/Examples/ROS/ORB_cloud/build/CMakeFiles/CMakeTmp

Run Build Command:"/usr/bin/make" "cmTC_8fb08/fast"
/usr/bin/make -f CMakeFiles/cmTC_8fb08.dir/build.make CMakeFiles/cmTC_8fb08.dir/build
make[1]: 进入目录“/home/xinhr/ORB_cloud/src/ORB-SLAM2/Examples/ROS/ORB_cloud/build/CMakeFiles/CMakeTmp”
Building C object CMakeFiles/cmTC_8fb08.dir/CheckSymbolExists.c.o
/usr/bin/cc    -o CMakeFiles/cmTC_8fb08.dir/CheckSymbolExists.c.o   -c /home/xinhr/ORB_cloud/src/ORB-SLAM2/Examples/ROS/ORB_cloud/build/CMakeFiles/CMakeTmp/CheckSymbolExists.c
Linking C executable cmTC_8fb08
/usr/bin/cmake -E cmake_link_script CMakeFiles/cmTC_8fb08.dir/link.txt --verbose=1
/usr/bin/cc      -rdynamic CMakeFiles/cmTC_8fb08.dir/CheckSymbolExists.c.o  -o cmTC_8fb08 
CMakeFiles/cmTC_8fb08.dir/CheckSymbolExists.c.o：在函数‘main’中：
CheckSymbolExists.c:(.text+0x1b)：对‘pthread_create’未定义的引用
collect2: error: ld returned 1 exit status
CMakeFiles/cmTC_8fb08.dir/build.make:97: recipe for target 'cmTC_8fb08' failed
make[1]: *** [cmTC_8fb08] Error 1
make[1]: 离开目录“/home/xinhr/ORB_cloud/src/ORB-SLAM2/Examples/ROS/ORB_cloud/build/CMakeFiles/CMakeTmp”
Makefile:126: recipe for target 'cmTC_8fb08/fast' failed
make: *** [cmTC_8fb08/fast] Error 2

File /home/xinhr/ORB_cloud/src/ORB-SLAM2/Examples/ROS/ORB_cloud/build/CMakeFiles/CMakeTmp/CheckSymbolExists.c:
/* */
#include <pthread.h>

int main(int argc, char** argv)
{
  (void)argv;
#ifndef pthread_create
  return ((int*)(&pthread_create))[argc];
#else
  (void)argc;
  return 0;
#endif
}

Determining if the function pthread_create exists in the pthreads failed with the following output:
Change Dir: /home/xinhr/ORB_cloud/src/ORB-SLAM2/Examples/ROS/ORB_cloud/build/CMakeFiles/CMakeTmp

Run Build Command:"/usr/bin/make" "cmTC_15efc/fast"
/usr/bin/make -f CMakeFiles/cmTC_15efc.dir/build.make CMakeFiles/cmTC_15efc.dir/build
make[1]: 进入目录“/home/xinhr/ORB_cloud/src/ORB-SLAM2/Examples/ROS/ORB_cloud/build/CMakeFiles/CMakeTmp”
Building C object CMakeFiles/cmTC_15efc.dir/CheckFunctionExists.c.o
/usr/bin/cc   -DCHECK_FUNCTION_EXISTS=pthread_create   -o CMakeFiles/cmTC_15efc.dir/CheckFunctionExists.c.o   -c /usr/share/cmake-3.10/Modules/CheckFunctionExists.c
Linking C executable cmTC_15efc
/usr/bin/cmake -E cmake_link_script CMakeFiles/cmTC_15efc.dir/link.txt --verbose=1
/usr/bin/cc  -DCHECK_FUNCTION_EXISTS=pthread_create    -rdynamic CMakeFiles/cmTC_15efc.dir/CheckFunctionExists.c.o  -o cmTC_15efc -lpthreads 
/usr/bin/ld: 找不到 -lpthreads
collect2: error: ld returned 1 exit status
CMakeFiles/cmTC_15efc.dir/build.make:97: recipe for target 'cmTC_15efc' failed
make[1]: *** [cmTC_15efc] Error 1
make[1]: 离开目录“/home/xinhr/ORB_cloud/src/ORB-SLAM2/Examples/ROS/ORB_cloud/build/CMakeFiles/CMakeTmp”
Makefile:126: recipe for target 'cmTC_15efc/fast' failed
make: *** [cmTC_15efc/fast] Error 2


